<?xml version="1.0" encoding="UTF-8"?>
<testng-results ignored="0" total="2" passed="2" failed="0" skipped="0">
  <reporter-output>
  </reporter-output>
  <suite started-at="2025-01-06T21:57:39 COT" name="Test Suite" finished-at="2025-01-06T21:57:59 COT" duration-ms="19740">
    <groups>
    </groups>
    <test started-at="2025-01-06T21:57:39 COT" name="Test" finished-at="2025-01-06T21:57:59 COT" duration-ms="19740">
      <class name="GoogleTest">
        <test-method signature="HomePageCheck()[pri:0, instance:GoogleTest@43ee72e6]" started-at="2025-01-06T21:57:39 COT" name="HomePageCheck" finished-at="2025-01-06T21:57:43 COT" duration-ms="4395" status="PASS">
          <reporter-output>
          </reporter-output>
        </test-method> <!-- HomePageCheck -->
      </class> <!-- GoogleTest -->
      <class name="RSATest">
        <test-method signature="HomePageCheck()[pri:0, instance:RSATest@23986957]" started-at="2025-01-06T21:57:39 COT" name="HomePageCheck" finished-at="2025-01-06T21:57:59 COT" duration-ms="19691" status="PASS">
          <reporter-output>
          </reporter-output>
        </test-method> <!-- HomePageCheck -->
      </class> <!-- RSATest -->
    </test> <!-- Test -->
  </suite> <!-- Test Suite -->
</testng-results>
